[0.343s] DEBUG:colcon:Command line arguments: ['/usr/bin/colcon', 'build', '--symlink-install', '--packages-select', 'ur5e_experiment_automation']
[0.343s] DEBUG:colcon:Parsed command line arguments: Namespace(log_base=None, log_level=None, verb_name='build', build_base='build', install_base='install', merge_install=False, symlink_install=True, test_result_base=None, continue_on_error=False, executor='parallel', parallel_workers=16, event_handlers=None, ignore_user_meta=False, metas=['./colcon.meta'], base_paths=['.'], packages_ignore=None, packages_ignore_regex=None, paths=None, packages_up_to=None, packages_up_to_regex=None, packages_above=None, packages_above_and_dependencies=None, packages_above_depth=None, packages_select_by_dep=None, packages_skip_by_dep=None, packages_skip_up_to=None, packages_select_build_failed=False, packages_skip_build_finished=False, packages_select_test_failures=False, packages_skip_test_passed=False, packages_select=['ur5e_experiment_automation'], packages_skip=None, packages_select_regex=None, packages_skip_regex=None, packages_start=None, packages_end=None, cmake_args=None, cmake_target=None, cmake_target_skip_unavailable=False, cmake_clean_cache=False, cmake_clean_first=False, cmake_force_configure=False, ament_cmake_args=None, catkin_cmake_args=None, catkin_skip_building_tests=False, mixin_files=None, mixin=None, verb_parser=<colcon_mixin.mixin.mixin_argument.MixinArgumentDecorator object at 0x7cca9cb403d0>, verb_extension=<colcon_core.verb.build.BuildVerb object at 0x7cca9ccb19f0>, main=<bound method BuildVerb.main of <colcon_core.verb.build.BuildVerb object at 0x7cca9ccb19f0>>, mixin_verb=('build',))
[0.762s] Level 1:colcon.colcon_core.package_discovery:discover_packages(colcon_meta) check parameters
[0.763s] INFO:colcon.colcon_metadata.package_discovery.colcon_meta:Using configuration from '/root/.colcon/metadata/default/Gazebo.meta'
[0.764s] INFO:colcon.colcon_metadata.package_discovery.colcon_meta:Using configuration from '/root/.colcon/metadata/default/fastdds.meta'
[0.765s] INFO:colcon.colcon_metadata.package_discovery.colcon_meta:Using configuration from '/root/.colcon/metadata/default/fastrtps.meta'
[0.766s] Level 1:colcon.colcon_core.package_discovery:discover_packages(recursive) check parameters
[0.766s] Level 1:colcon.colcon_core.package_discovery:discover_packages(ignore) check parameters
[0.766s] Level 1:colcon.colcon_core.package_discovery:discover_packages(path) check parameters
[0.766s] Level 1:colcon.colcon_core.package_discovery:discover_packages(colcon_meta) discover
[0.766s] Level 1:colcon.colcon_core.package_discovery:discover_packages(recursive) discover
[0.766s] INFO:colcon.colcon_core.package_discovery:Crawling recursively for packages in '/ros2_ws'
[0.767s] Level 1:colcon.colcon_core.package_identification:_identify(.) by extensions ['ignore', 'ignore_ament_install']
[0.767s] Level 1:colcon.colcon_core.package_identification:_identify(.) by extension 'ignore'
[0.767s] Level 1:colcon.colcon_core.package_identification:_identify(.) by extension 'ignore_ament_install'
[0.767s] Level 1:colcon.colcon_core.package_identification:_identify(.) by extensions ['colcon_pkg']
[0.767s] Level 1:colcon.colcon_core.package_identification:_identify(.) by extension 'colcon_pkg'
[0.767s] Level 1:colcon.colcon_core.package_identification:_identify(.) by extensions ['colcon_meta']
[0.767s] Level 1:colcon.colcon_core.package_identification:_identify(.) by extension 'colcon_meta'
[0.768s] Level 1:colcon.colcon_core.package_identification:_identify(.) by extensions ['ros']
[0.768s] Level 1:colcon.colcon_core.package_identification:_identify(.) by extension 'ros'
[0.813s] Level 1:colcon.colcon_core.package_identification:_identify(.) by extensions ['cmake', 'python']
[0.813s] Level 1:colcon.colcon_core.package_identification:_identify(.) by extension 'cmake'
[0.813s] Level 1:colcon.colcon_core.package_identification:_identify(.) by extension 'python'
[0.813s] Level 1:colcon.colcon_core.package_identification:_identify(.) by extensions ['python_setup_py']
[0.813s] Level 1:colcon.colcon_core.package_identification:_identify(.) by extension 'python_setup_py'
[0.813s] Level 1:colcon.colcon_core.package_identification:_identify(build) by extensions ['ignore', 'ignore_ament_install']
[0.814s] Level 1:colcon.colcon_core.package_identification:_identify(build) by extension 'ignore'
[0.814s] Level 1:colcon.colcon_core.package_identification:_identify(build) ignored
[0.814s] Level 1:colcon.colcon_core.package_identification:_identify(install) by extensions ['ignore', 'ignore_ament_install']
[0.814s] Level 1:colcon.colcon_core.package_identification:_identify(install) by extension 'ignore'
[0.814s] Level 1:colcon.colcon_core.package_identification:_identify(install) ignored
[0.814s] Level 1:colcon.colcon_core.package_identification:_identify(log) by extensions ['ignore', 'ignore_ament_install']
[0.814s] Level 1:colcon.colcon_core.package_identification:_identify(log) by extension 'ignore'
[0.814s] Level 1:colcon.colcon_core.package_identification:_identify(log) ignored
[0.814s] Level 1:colcon.colcon_core.package_identification:_identify(recordings) by extensions ['ignore', 'ignore_ament_install']
[0.814s] Level 1:colcon.colcon_core.package_identification:_identify(recordings) by extension 'ignore'
[0.815s] Level 1:colcon.colcon_core.package_identification:_identify(recordings) by extension 'ignore_ament_install'
[0.815s] Level 1:colcon.colcon_core.package_identification:_identify(recordings) by extensions ['colcon_pkg']
[0.815s] Level 1:colcon.colcon_core.package_identification:_identify(recordings) by extension 'colcon_pkg'
[0.815s] Level 1:colcon.colcon_core.package_identification:_identify(recordings) by extensions ['colcon_meta']
[0.815s] Level 1:colcon.colcon_core.package_identification:_identify(recordings) by extension 'colcon_meta'
[0.815s] Level 1:colcon.colcon_core.package_identification:_identify(recordings) by extensions ['ros']
[0.815s] Level 1:colcon.colcon_core.package_identification:_identify(recordings) by extension 'ros'
[0.815s] Level 1:colcon.colcon_core.package_identification:_identify(recordings) by extensions ['cmake', 'python']
[0.815s] Level 1:colcon.colcon_core.package_identification:_identify(recordings) by extension 'cmake'
[0.815s] Level 1:colcon.colcon_core.package_identification:_identify(recordings) by extension 'python'
[0.816s] Level 1:colcon.colcon_core.package_identification:_identify(recordings) by extensions ['python_setup_py']
[0.816s] Level 1:colcon.colcon_core.package_identification:_identify(recordings) by extension 'python_setup_py'
[0.816s] Level 1:colcon.colcon_core.package_identification:_identify(recordings/bags_2026-04-20_11-18-00) by extensions ['ignore', 'ignore_ament_install']
[0.816s] Level 1:colcon.colcon_core.package_identification:_identify(recordings/bags_2026-04-20_11-18-00) by extension 'ignore'
[0.816s] Level 1:colcon.colcon_core.package_identification:_identify(recordings/bags_2026-04-20_11-18-00) by extension 'ignore_ament_install'
[0.816s] Level 1:colcon.colcon_core.package_identification:_identify(recordings/bags_2026-04-20_11-18-00) by extensions ['colcon_pkg']
[0.816s] Level 1:colcon.colcon_core.package_identification:_identify(recordings/bags_2026-04-20_11-18-00) by extension 'colcon_pkg'
[0.816s] Level 1:colcon.colcon_core.package_identification:_identify(recordings/bags_2026-04-20_11-18-00) by extensions ['colcon_meta']
[0.816s] Level 1:colcon.colcon_core.package_identification:_identify(recordings/bags_2026-04-20_11-18-00) by extension 'colcon_meta'
[0.816s] Level 1:colcon.colcon_core.package_identification:_identify(recordings/bags_2026-04-20_11-18-00) by extensions ['ros']
[0.816s] Level 1:colcon.colcon_core.package_identification:_identify(recordings/bags_2026-04-20_11-18-00) by extension 'ros'
[0.817s] Level 1:colcon.colcon_core.package_identification:_identify(recordings/bags_2026-04-20_11-18-00) by extensions ['cmake', 'python']
[0.817s] Level 1:colcon.colcon_core.package_identification:_identify(recordings/bags_2026-04-20_11-18-00) by extension 'cmake'
[0.817s] Level 1:colcon.colcon_core.package_identification:_identify(recordings/bags_2026-04-20_11-18-00) by extension 'python'
[0.817s] Level 1:colcon.colcon_core.package_identification:_identify(recordings/bags_2026-04-20_11-18-00) by extensions ['python_setup_py']
[0.817s] Level 1:colcon.colcon_core.package_identification:_identify(recordings/bags_2026-04-20_11-18-00) by extension 'python_setup_py'
[0.817s] Level 1:colcon.colcon_core.package_identification:_identify(recordings/bags_2026-04-20_11-18-00/exp_home_to_pose_rep1) by extensions ['ignore', 'ignore_ament_install']
[0.818s] Level 1:colcon.colcon_core.package_identification:_identify(recordings/bags_2026-04-20_11-18-00/exp_home_to_pose_rep1) by extension 'ignore'
[0.818s] Level 1:colcon.colcon_core.package_identification:_identify(recordings/bags_2026-04-20_11-18-00/exp_home_to_pose_rep1) by extension 'ignore_ament_install'
[0.818s] Level 1:colcon.colcon_core.package_identification:_identify(recordings/bags_2026-04-20_11-18-00/exp_home_to_pose_rep1) by extensions ['colcon_pkg']
[0.818s] Level 1:colcon.colcon_core.package_identification:_identify(recordings/bags_2026-04-20_11-18-00/exp_home_to_pose_rep1) by extension 'colcon_pkg'
[0.819s] Level 1:colcon.colcon_core.package_identification:_identify(recordings/bags_2026-04-20_11-18-00/exp_home_to_pose_rep1) by extensions ['colcon_meta']
[0.819s] Level 1:colcon.colcon_core.package_identification:_identify(recordings/bags_2026-04-20_11-18-00/exp_home_to_pose_rep1) by extension 'colcon_meta'
[0.819s] Level 1:colcon.colcon_core.package_identification:_identify(recordings/bags_2026-04-20_11-18-00/exp_home_to_pose_rep1) by extensions ['ros']
[0.819s] Level 1:colcon.colcon_core.package_identification:_identify(recordings/bags_2026-04-20_11-18-00/exp_home_to_pose_rep1) by extension 'ros'
[0.819s] Level 1:colcon.colcon_core.package_identification:_identify(recordings/bags_2026-04-20_11-18-00/exp_home_to_pose_rep1) by extensions ['cmake', 'python']
[0.819s] Level 1:colcon.colcon_core.package_identification:_identify(recordings/bags_2026-04-20_11-18-00/exp_home_to_pose_rep1) by extension 'cmake'
[0.820s] Level 1:colcon.colcon_core.package_identification:_identify(recordings/bags_2026-04-20_11-18-00/exp_home_to_pose_rep1) by extension 'python'
[0.820s] Level 1:colcon.colcon_core.package_identification:_identify(recordings/bags_2026-04-20_11-18-00/exp_home_to_pose_rep1) by extensions ['python_setup_py']
[0.820s] Level 1:colcon.colcon_core.package_identification:_identify(recordings/bags_2026-04-20_11-18-00/exp_home_to_pose_rep1) by extension 'python_setup_py'
[0.820s] Level 1:colcon.colcon_core.package_identification:_identify(recordings/bags_2026-04-20_11-18-00/exp_home_to_pose_rep10) by extensions ['ignore', 'ignore_ament_install']
[0.820s] Level 1:colcon.colcon_core.package_identification:_identify(recordings/bags_2026-04-20_11-18-00/exp_home_to_pose_rep10) by extension 'ignore'
[0.820s] Level 1:colcon.colcon_core.package_identification:_identify(recordings/bags_2026-04-20_11-18-00/exp_home_to_pose_rep10) by extension 'ignore_ament_install'
[0.821s] Level 1:colcon.colcon_core.package_identification:_identify(recordings/bags_2026-04-20_11-18-00/exp_home_to_pose_rep10) by extensions ['colcon_pkg']
[0.821s] Level 1:colcon.colcon_core.package_identification:_identify(recordings/bags_2026-04-20_11-18-00/exp_home_to_pose_rep10) by extension 'colcon_pkg'
[0.821s] Level 1:colcon.colcon_core.package_identification:_identify(recordings/bags_2026-04-20_11-18-00/exp_home_to_pose_rep10) by extensions ['colcon_meta']
[0.821s] Level 1:colcon.colcon_core.package_identification:_identify(recordings/bags_2026-04-20_11-18-00/exp_home_to_pose_rep10) by extension 'colcon_meta'
[0.821s] Level 1:colcon.colcon_core.package_identification:_identify(recordings/bags_2026-04-20_11-18-00/exp_home_to_pose_rep10) by extensions ['ros']
[0.821s] Level 1:colcon.colcon_core.package_identification:_identify(recordings/bags_2026-04-20_11-18-00/exp_home_to_pose_rep10) by extension 'ros'
[0.822s] Level 1:colcon.colcon_core.package_identification:_identify(recordings/bags_2026-04-20_11-18-00/exp_home_to_pose_rep10) by extensions ['cmake', 'python']
[0.822s] Level 1:colcon.colcon_core.package_identification:_identify(recordings/bags_2026-04-20_11-18-00/exp_home_to_pose_rep10) by extension 'cmake'
[0.822s] Level 1:colcon.colcon_core.package_identification:_identify(recordings/bags_2026-04-20_11-18-00/exp_home_to_pose_rep10) by extension 'python'
[0.822s] Level 1:colcon.colcon_core.package_identification:_identify(recordings/bags_2026-04-20_11-18-00/exp_home_to_pose_rep10) by extensions ['python_setup_py']
[0.822s] Level 1:colcon.colcon_core.package_identification:_identify(recordings/bags_2026-04-20_11-18-00/exp_home_to_pose_rep10) by extension 'python_setup_py'
[0.822s] Level 1:colcon.colcon_core.package_identification:_identify(recordings/bags_2026-04-20_11-18-00/exp_home_to_pose_rep2) by extensions ['ignore', 'ignore_ament_install']
[0.822s] Level 1:colcon.colcon_core.package_identification:_identify(recordings/bags_2026-04-20_11-18-00/exp_home_to_pose_rep2) by extension 'ignore'
[0.822s] Level 1:colcon.colcon_core.package_identification:_identify(recordings/bags_2026-04-20_11-18-00/exp_home_to_pose_rep2) by extension 'ignore_ament_install'
[0.822s] Level 1:colcon.colcon_core.package_identification:_identify(recordings/bags_2026-04-20_11-18-00/exp_home_to_pose_rep2) by extensions ['colcon_pkg']
[0.822s] Level 1:colcon.colcon_core.package_identification:_identify(recordings/bags_2026-04-20_11-18-00/exp_home_to_pose_rep2) by extension 'colcon_pkg'
[0.822s] Level 1:colcon.colcon_core.package_identification:_identify(recordings/bags_2026-04-20_11-18-00/exp_home_to_pose_rep2) by extensions ['colcon_meta']
[0.822s] Level 1:colcon.colcon_core.package_identification:_identify(recordings/bags_2026-04-20_11-18-00/exp_home_to_pose_rep2) by extension 'colcon_meta'
[0.823s] Level 1:colcon.colcon_core.package_identification:_identify(recordings/bags_2026-04-20_11-18-00/exp_home_to_pose_rep2) by extensions ['ros']
[0.823s] Level 1:colcon.colcon_core.package_identification:_identify(recordings/bags_2026-04-20_11-18-00/exp_home_to_pose_rep2) by extension 'ros'
[0.823s] Level 1:colcon.colcon_core.package_identification:_identify(recordings/bags_2026-04-20_11-18-00/exp_home_to_pose_rep2) by extensions ['cmake', 'python']
[0.823s] Level 1:colcon.colcon_core.package_identification:_identify(recordings/bags_2026-04-20_11-18-00/exp_home_to_pose_rep2) by extension 'cmake'
[0.823s] Level 1:colcon.colcon_core.package_identification:_identify(recordings/bags_2026-04-20_11-18-00/exp_home_to_pose_rep2) by extension 'python'
[0.823s] Level 1:colcon.colcon_core.package_identification:_identify(recordings/bags_2026-04-20_11-18-00/exp_home_to_pose_rep2) by extensions ['python_setup_py']
[0.823s] Level 1:colcon.colcon_core.package_identification:_identify(recordings/bags_2026-04-20_11-18-00/exp_home_to_pose_rep2) by extension 'python_setup_py'
[0.823s] Level 1:colcon.colcon_core.package_identification:_identify(recordings/bags_2026-04-20_11-18-00/exp_home_to_pose_rep3) by extensions ['ignore', 'ignore_ament_install']
[0.823s] Level 1:colcon.colcon_core.package_identification:_identify(recordings/bags_2026-04-20_11-18-00/exp_home_to_pose_rep3) by extension 'ignore'
[0.823s] Level 1:colcon.colcon_core.package_identification:_identify(recordings/bags_2026-04-20_11-18-00/exp_home_to_pose_rep3) by extension 'ignore_ament_install'
[0.824s] Level 1:colcon.colcon_core.package_identification:_identify(recordings/bags_2026-04-20_11-18-00/exp_home_to_pose_rep3) by extensions ['colcon_pkg']
[0.824s] Level 1:colcon.colcon_core.package_identification:_identify(recordings/bags_2026-04-20_11-18-00/exp_home_to_pose_rep3) by extension 'colcon_pkg'
[0.824s] Level 1:colcon.colcon_core.package_identification:_identify(recordings/bags_2026-04-20_11-18-00/exp_home_to_pose_rep3) by extensions ['colcon_meta']
[0.824s] Level 1:colcon.colcon_core.package_identification:_identify(recordings/bags_2026-04-20_11-18-00/exp_home_to_pose_rep3) by extension 'colcon_meta'
[0.824s] Level 1:colcon.colcon_core.package_identification:_identify(recordings/bags_2026-04-20_11-18-00/exp_home_to_pose_rep3) by extensions ['ros']
[0.824s] Level 1:colcon.colcon_core.package_identification:_identify(recordings/bags_2026-04-20_11-18-00/exp_home_to_pose_rep3) by extension 'ros'
[0.824s] Level 1:colcon.colcon_core.package_identification:_identify(recordings/bags_2026-04-20_11-18-00/exp_home_to_pose_rep3) by extensions ['cmake', 'python']
[0.824s] Level 1:colcon.colcon_core.package_identification:_identify(recordings/bags_2026-04-20_11-18-00/exp_home_to_pose_rep3) by extension 'cmake'
[0.824s] Level 1:colcon.colcon_core.package_identification:_identify(recordings/bags_2026-04-20_11-18-00/exp_home_to_pose_rep3) by extension 'python'
[0.824s] Level 1:colcon.colcon_core.package_identification:_identify(recordings/bags_2026-04-20_11-18-00/exp_home_to_pose_rep3) by extensions ['python_setup_py']
[0.824s] Level 1:colcon.colcon_core.package_identification:_identify(recordings/bags_2026-04-20_11-18-00/exp_home_to_pose_rep3) by extension 'python_setup_py'
[0.824s] Level 1:colcon.colcon_core.package_identification:_identify(recordings/bags_2026-04-20_11-18-00/exp_home_to_pose_rep4) by extensions ['ignore', 'ignore_ament_install']
[0.825s] Level 1:colcon.colcon_core.package_identification:_identify(recordings/bags_2026-04-20_11-18-00/exp_home_to_pose_rep4) by extension 'ignore'
[0.825s] Level 1:colcon.colcon_core.package_identification:_identify(recordings/bags_2026-04-20_11-18-00/exp_home_to_pose_rep4) by extension 'ignore_ament_install'
[0.825s] Level 1:colcon.colcon_core.package_identification:_identify(recordings/bags_2026-04-20_11-18-00/exp_home_to_pose_rep4) by extensions ['colcon_pkg']
[0.825s] Level 1:colcon.colcon_core.package_identification:_identify(recordings/bags_2026-04-20_11-18-00/exp_home_to_pose_rep4) by extension 'colcon_pkg'
[0.825s] Level 1:colcon.colcon_core.package_identification:_identify(recordings/bags_2026-04-20_11-18-00/exp_home_to_pose_rep4) by extensions ['colcon_meta']
[0.825s] Level 1:colcon.colcon_core.package_identification:_identify(recordings/bags_2026-04-20_11-18-00/exp_home_to_pose_rep4) by extension 'colcon_meta'
[0.825s] Level 1:colcon.colcon_core.package_identification:_identify(recordings/bags_2026-04-20_11-18-00/exp_home_to_pose_rep4) by extensions ['ros']
[0.825s] Level 1:colcon.colcon_core.package_identification:_identify(recordings/bags_2026-04-20_11-18-00/exp_home_to_pose_rep4) by extension 'ros'
[0.825s] Level 1:colcon.colcon_core.package_identification:_identify(recordings/bags_2026-04-20_11-18-00/exp_home_to_pose_rep4) by extensions ['cmake', 'python']
[0.825s] Level 1:colcon.colcon_core.package_identification:_identify(recordings/bags_2026-04-20_11-18-00/exp_home_to_pose_rep4) by extension 'cmake'
[0.825s] Level 1:colcon.colcon_core.package_identification:_identify(recordings/bags_2026-04-20_11-18-00/exp_home_to_pose_rep4) by extension 'python'
[0.825s] Level 1:colcon.colcon_core.package_identification:_identify(recordings/bags_2026-04-20_11-18-00/exp_home_to_pose_rep4) by extensions ['python_setup_py']
[0.825s] Level 1:colcon.colcon_core.package_identification:_identify(recordings/bags_2026-04-20_11-18-00/exp_home_to_pose_rep4) by extension 'python_setup_py'
[0.825s] Level 1:colcon.colcon_core.package_identification:_identify(recordings/bags_2026-04-20_11-18-00/exp_home_to_pose_rep5) by extensions ['ignore', 'ignore_ament_install']
[0.826s] Level 1:colcon.colcon_core.package_identification:_identify(recordings/bags_2026-04-20_11-18-00/exp_home_to_pose_rep5) by extension 'ignore'
[0.826s] Level 1:colcon.colcon_core.package_identification:_identify(recordings/bags_2026-04-20_11-18-00/exp_home_to_pose_rep5) by extension 'ignore_ament_install'
[0.826s] Level 1:colcon.colcon_core.package_identification:_identify(recordings/bags_2026-04-20_11-18-00/exp_home_to_pose_rep5) by extensions ['colcon_pkg']
[0.826s] Level 1:colcon.colcon_core.package_identification:_identify(recordings/bags_2026-04-20_11-18-00/exp_home_to_pose_rep5) by extension 'colcon_pkg'
[0.826s] Level 1:colcon.colcon_core.package_identification:_identify(recordings/bags_2026-04-20_11-18-00/exp_home_to_pose_rep5) by extensions ['colcon_meta']
[0.826s] Level 1:colcon.colcon_core.package_identification:_identify(recordings/bags_2026-04-20_11-18-00/exp_home_to_pose_rep5) by extension 'colcon_meta'
[0.826s] Level 1:colcon.colcon_core.package_identification:_identify(recordings/bags_2026-04-20_11-18-00/exp_home_to_pose_rep5) by extensions ['ros']
[0.826s] Level 1:colcon.colcon_core.package_identification:_identify(recordings/bags_2026-04-20_11-18-00/exp_home_to_pose_rep5) by extension 'ros'
[0.826s] Level 1:colcon.colcon_core.package_identification:_identify(recordings/bags_2026-04-20_11-18-00/exp_home_to_pose_rep5) by extensions ['cmake', 'python']
[0.826s] Level 1:colcon.colcon_core.package_identification:_identify(recordings/bags_2026-04-20_11-18-00/exp_home_to_pose_rep5) by extension 'cmake'
[0.826s] Level 1:colcon.colcon_core.package_identification:_identify(recordings/bags_2026-04-20_11-18-00/exp_home_to_pose_rep5) by extension 'python'
[0.827s] Level 1:colcon.colcon_core.package_identification:_identify(recordings/bags_2026-04-20_11-18-00/exp_home_to_pose_rep5) by extensions ['python_setup_py']
[0.827s] Level 1:colcon.colcon_core.package_identification:_identify(recordings/bags_2026-04-20_11-18-00/exp_home_to_pose_rep5) by extension 'python_setup_py'
[0.827s] Level 1:colcon.colcon_core.package_identification:_identify(recordings/bags_2026-04-20_11-18-00/exp_home_to_pose_rep6) by extensions ['ignore', 'ignore_ament_install']
[0.827s] Level 1:colcon.colcon_core.package_identification:_identify(recordings/bags_2026-04-20_11-18-00/exp_home_to_pose_rep6) by extension 'ignore'
[0.827s] Level 1:colcon.colcon_core.package_identification:_identify(recordings/bags_2026-04-20_11-18-00/exp_home_to_pose_rep6) by extension 'ignore_ament_install'
[0.827s] Level 1:colcon.colcon_core.package_identification:_identify(recordings/bags_2026-04-20_11-18-00/exp_home_to_pose_rep6) by extensions ['colcon_pkg']
[0.827s] Level 1:colcon.colcon_core.package_identification:_identify(recordings/bags_2026-04-20_11-18-00/exp_home_to_pose_rep6) by extension 'colcon_pkg'
[0.827s] Level 1:colcon.colcon_core.package_identification:_identify(recordings/bags_2026-04-20_11-18-00/exp_home_to_pose_rep6) by extensions ['colcon_meta']
[0.828s] Level 1:colcon.colcon_core.package_identification:_identify(recordings/bags_2026-04-20_11-18-00/exp_home_to_pose_rep6) by extension 'colcon_meta'
[0.828s] Level 1:colcon.colcon_core.package_identification:_identify(recordings/bags_2026-04-20_11-18-00/exp_home_to_pose_rep6) by extensions ['ros']
[0.828s] Level 1:colcon.colcon_core.package_identification:_identify(recordings/bags_2026-04-20_11-18-00/exp_home_to_pose_rep6) by extension 'ros'
[0.828s] Level 1:colcon.colcon_core.package_identification:_identify(recordings/bags_2026-04-20_11-18-00/exp_home_to_pose_rep6) by extensions ['cmake', 'python']
[0.828s] Level 1:colcon.colcon_core.package_identification:_identify(recordings/bags_2026-04-20_11-18-00/exp_home_to_pose_rep6) by extension 'cmake'
[0.828s] Level 1:colcon.colcon_core.package_identification:_identify(recordings/bags_2026-04-20_11-18-00/exp_home_to_pose_rep6) by extension 'python'
[0.828s] Level 1:colcon.colcon_core.package_identification:_identify(recordings/bags_2026-04-20_11-18-00/exp_home_to_pose_rep6) by extensions ['python_setup_py']
[0.828s] Level 1:colcon.colcon_core.package_identification:_identify(recordings/bags_2026-04-20_11-18-00/exp_home_to_pose_rep6) by extension 'python_setup_py'
[0.828s] Level 1:colcon.colcon_core.package_identification:_identify(recordings/bags_2026-04-20_11-18-00/exp_home_to_pose_rep7) by extensions ['ignore', 'ignore_ament_install']
[0.828s] Level 1:colcon.colcon_core.package_identification:_identify(recordings/bags_2026-04-20_11-18-00/exp_home_to_pose_rep7) by extension 'ignore'
[0.828s] Level 1:colcon.colcon_core.package_identification:_identify(recordings/bags_2026-04-20_11-18-00/exp_home_to_pose_rep7) by extension 'ignore_ament_install'
[0.828s] Level 1:colcon.colcon_core.package_identification:_identify(recordings/bags_2026-04-20_11-18-00/exp_home_to_pose_rep7) by extensions ['colcon_pkg']
[0.828s] Level 1:colcon.colcon_core.package_identification:_identify(recordings/bags_2026-04-20_11-18-00/exp_home_to_pose_rep7) by extension 'colcon_pkg'
[0.828s] Level 1:colcon.colcon_core.package_identification:_identify(recordings/bags_2026-04-20_11-18-00/exp_home_to_pose_rep7) by extensions ['colcon_meta']
[0.828s] Level 1:colcon.colcon_core.package_identification:_identify(recordings/bags_2026-04-20_11-18-00/exp_home_to_pose_rep7) by extension 'colcon_meta'
[0.829s] Level 1:colcon.colcon_core.package_identification:_identify(recordings/bags_2026-04-20_11-18-00/exp_home_to_pose_rep7) by extensions ['ros']
[0.829s] Level 1:colcon.colcon_core.package_identification:_identify(recordings/bags_2026-04-20_11-18-00/exp_home_to_pose_rep7) by extension 'ros'
[0.829s] Level 1:colcon.colcon_core.package_identification:_identify(recordings/bags_2026-04-20_11-18-00/exp_home_to_pose_rep7) by extensions ['cmake', 'python']
[0.829s] Level 1:colcon.colcon_core.package_identification:_identify(recordings/bags_2026-04-20_11-18-00/exp_home_to_pose_rep7) by extension 'cmake'
[0.829s] Level 1:colcon.colcon_core.package_identification:_identify(recordings/bags_2026-04-20_11-18-00/exp_home_to_pose_rep7) by extension 'python'
[0.829s] Level 1:colcon.colcon_core.package_identification:_identify(recordings/bags_2026-04-20_11-18-00/exp_home_to_pose_rep7) by extensions ['python_setup_py']
[0.829s] Level 1:colcon.colcon_core.package_identification:_identify(recordings/bags_2026-04-20_11-18-00/exp_home_to_pose_rep7) by extension 'python_setup_py'
[0.829s] Level 1:colcon.colcon_core.package_identification:_identify(recordings/bags_2026-04-20_11-18-00/exp_home_to_pose_rep8) by extensions ['ignore', 'ignore_ament_install']
[0.829s] Level 1:colcon.colcon_core.package_identification:_identify(recordings/bags_2026-04-20_11-18-00/exp_home_to_pose_rep8) by extension 'ignore'
[0.829s] Level 1:colcon.colcon_core.package_identification:_identify(recordings/bags_2026-04-20_11-18-00/exp_home_to_pose_rep8) by extension 'ignore_ament_install'
[0.829s] Level 1:colcon.colcon_core.package_identification:_identify(recordings/bags_2026-04-20_11-18-00/exp_home_to_pose_rep8) by extensions ['colcon_pkg']
[0.829s] Level 1:colcon.colcon_core.package_identification:_identify(recordings/bags_2026-04-20_11-18-00/exp_home_to_pose_rep8) by extension 'colcon_pkg'
[0.830s] Level 1:colcon.colcon_core.package_identification:_identify(recordings/bags_2026-04-20_11-18-00/exp_home_to_pose_rep8) by extensions ['colcon_meta']
[0.830s] Level 1:colcon.colcon_core.package_identification:_identify(recordings/bags_2026-04-20_11-18-00/exp_home_to_pose_rep8) by extension 'colcon_meta'
[0.830s] Level 1:colcon.colcon_core.package_identification:_identify(recordings/bags_2026-04-20_11-18-00/exp_home_to_pose_rep8) by extensions ['ros']
[0.830s] Level 1:colcon.colcon_core.package_identification:_identify(recordings/bags_2026-04-20_11-18-00/exp_home_to_pose_rep8) by extension 'ros'
[0.830s] Level 1:colcon.colcon_core.package_identification:_identify(recordings/bags_2026-04-20_11-18-00/exp_home_to_pose_rep8) by extensions ['cmake', 'python']
[0.830s] Level 1:colcon.colcon_core.package_identification:_identify(recordings/bags_2026-04-20_11-18-00/exp_home_to_pose_rep8) by extension 'cmake'
[0.830s] Level 1:colcon.colcon_core.package_identification:_identify(recordings/bags_2026-04-20_11-18-00/exp_home_to_pose_rep8) by extension 'python'
[0.830s] Level 1:colcon.colcon_core.package_identification:_identify(recordings/bags_2026-04-20_11-18-00/exp_home_to_pose_rep8) by extensions ['python_setup_py']
[0.830s] Level 1:colcon.colcon_core.package_identification:_identify(recordings/bags_2026-04-20_11-18-00/exp_home_to_pose_rep8) by extension 'python_setup_py'
[0.830s] Level 1:colcon.colcon_core.package_identification:_identify(recordings/bags_2026-04-20_11-18-00/exp_home_to_pose_rep9) by extensions ['ignore', 'ignore_ament_install']
[0.830s] Level 1:colcon.colcon_core.package_identification:_identify(recordings/bags_2026-04-20_11-18-00/exp_home_to_pose_rep9) by extension 'ignore'
[0.831s] Level 1:colcon.colcon_core.package_identification:_identify(recordings/bags_2026-04-20_11-18-00/exp_home_to_pose_rep9) by extension 'ignore_ament_install'
[0.831s] Level 1:colcon.colcon_core.package_identification:_identify(recordings/bags_2026-04-20_11-18-00/exp_home_to_pose_rep9) by extensions ['colcon_pkg']
[0.831s] Level 1:colcon.colcon_core.package_identification:_identify(recordings/bags_2026-04-20_11-18-00/exp_home_to_pose_rep9) by extension 'colcon_pkg'
[0.831s] Level 1:colcon.colcon_core.package_identification:_identify(recordings/bags_2026-04-20_11-18-00/exp_home_to_pose_rep9) by extensions ['colcon_meta']
[0.831s] Level 1:colcon.colcon_core.package_identification:_identify(recordings/bags_2026-04-20_11-18-00/exp_home_to_pose_rep9) by extension 'colcon_meta'
[0.831s] Level 1:colcon.colcon_core.package_identification:_identify(recordings/bags_2026-04-20_11-18-00/exp_home_to_pose_rep9) by extensions ['ros']
[0.831s] Level 1:colcon.colcon_core.package_identification:_identify(recordings/bags_2026-04-20_11-18-00/exp_home_to_pose_rep9) by extension 'ros'
[0.831s] Level 1:colcon.colcon_core.package_identification:_identify(recordings/bags_2026-04-20_11-18-00/exp_home_to_pose_rep9) by extensions ['cmake', 'python']
[0.831s] Level 1:colcon.colcon_core.package_identification:_identify(recordings/bags_2026-04-20_11-18-00/exp_home_to_pose_rep9) by extension 'cmake'
[0.831s] Level 1:colcon.colcon_core.package_identification:_identify(recordings/bags_2026-04-20_11-18-00/exp_home_to_pose_rep9) by extension 'python'
[0.831s] Level 1:colcon.colcon_core.package_identification:_identify(recordings/bags_2026-04-20_11-18-00/exp_home_to_pose_rep9) by extensions ['python_setup_py']
[0.832s] Level 1:colcon.colcon_core.package_identification:_identify(recordings/bags_2026-04-20_11-18-00/exp_home_to_pose_rep9) by extension 'python_setup_py'
[0.832s] Level 1:colcon.colcon_core.package_identification:_identify(recordings/bags_2026-04-20_11-22-57) by extensions ['ignore', 'ignore_ament_install']
[0.832s] Level 1:colcon.colcon_core.package_identification:_identify(recordings/bags_2026-04-20_11-22-57) by extension 'ignore'
[0.832s] Level 1:colcon.colcon_core.package_identification:_identify(recordings/bags_2026-04-20_11-22-57) by extension 'ignore_ament_install'
[0.832s] Level 1:colcon.colcon_core.package_identification:_identify(recordings/bags_2026-04-20_11-22-57) by extensions ['colcon_pkg']
[0.832s] Level 1:colcon.colcon_core.package_identification:_identify(recordings/bags_2026-04-20_11-22-57) by extension 'colcon_pkg'
[0.832s] Level 1:colcon.colcon_core.package_identification:_identify(recordings/bags_2026-04-20_11-22-57) by extensions ['colcon_meta']
[0.832s] Level 1:colcon.colcon_core.package_identification:_identify(recordings/bags_2026-04-20_11-22-57) by extension 'colcon_meta'
[0.832s] Level 1:colcon.colcon_core.package_identification:_identify(recordings/bags_2026-04-20_11-22-57) by extensions ['ros']
[0.832s] Level 1:colcon.colcon_core.package_identification:_identify(recordings/bags_2026-04-20_11-22-57) by extension 'ros'
[0.833s] Level 1:colcon.colcon_core.package_identification:_identify(recordings/bags_2026-04-20_11-22-57) by extensions ['cmake', 'python']
[0.833s] Level 1:colcon.colcon_core.package_identification:_identify(recordings/bags_2026-04-20_11-22-57) by extension 'cmake'
[0.833s] Level 1:colcon.colcon_core.package_identification:_identify(recordings/bags_2026-04-20_11-22-57) by extension 'python'
[0.833s] Level 1:colcon.colcon_core.package_identification:_identify(recordings/bags_2026-04-20_11-22-57) by extensions ['python_setup_py']
[0.833s] Level 1:colcon.colcon_core.package_identification:_identify(recordings/bags_2026-04-20_11-22-57) by extension 'python_setup_py'
[0.834s] Level 1:colcon.colcon_core.package_identification:_identify(recordings/bags_2026-04-20_11-23-18) by extensions ['ignore', 'ignore_ament_install']
[0.834s] Level 1:colcon.colcon_core.package_identification:_identify(recordings/bags_2026-04-20_11-23-18) by extension 'ignore'
[0.834s] Level 1:colcon.colcon_core.package_identification:_identify(recordings/bags_2026-04-20_11-23-18) by extension 'ignore_ament_install'
[0.834s] Level 1:colcon.colcon_core.package_identification:_identify(recordings/bags_2026-04-20_11-23-18) by extensions ['colcon_pkg']
[0.834s] Level 1:colcon.colcon_core.package_identification:_identify(recordings/bags_2026-04-20_11-23-18) by extension 'colcon_pkg'
[0.834s] Level 1:colcon.colcon_core.package_identification:_identify(recordings/bags_2026-04-20_11-23-18) by extensions ['colcon_meta']
[0.834s] Level 1:colcon.colcon_core.package_identification:_identify(recordings/bags_2026-04-20_11-23-18) by extension 'colcon_meta'
[0.834s] Level 1:colcon.colcon_core.package_identification:_identify(recordings/bags_2026-04-20_11-23-18) by extensions ['ros']
[0.834s] Level 1:colcon.colcon_core.package_identification:_identify(recordings/bags_2026-04-20_11-23-18) by extension 'ros'
[0.834s] Level 1:colcon.colcon_core.package_identification:_identify(recordings/bags_2026-04-20_11-23-18) by extensions ['cmake', 'python']
[0.834s] Level 1:colcon.colcon_core.package_identification:_identify(recordings/bags_2026-04-20_11-23-18) by extension 'cmake'
[0.834s] Level 1:colcon.colcon_core.package_identification:_identify(recordings/bags_2026-04-20_11-23-18) by extension 'python'
[0.834s] Level 1:colcon.colcon_core.package_identification:_identify(recordings/bags_2026-04-20_11-23-18) by extensions ['python_setup_py']
[0.834s] Level 1:colcon.colcon_core.package_identification:_identify(recordings/bags_2026-04-20_11-23-18) by extension 'python_setup_py'
[0.834s] Level 1:colcon.colcon_core.package_identification:_identify(recordings/bags_2026-04-20_14-25-26) by extensions ['ignore', 'ignore_ament_install']
[0.835s] Level 1:colcon.colcon_core.package_identification:_identify(recordings/bags_2026-04-20_14-25-26) by extension 'ignore'
[0.835s] Level 1:colcon.colcon_core.package_identification:_identify(recordings/bags_2026-04-20_14-25-26) by extension 'ignore_ament_install'
[0.835s] Level 1:colcon.colcon_core.package_identification:_identify(recordings/bags_2026-04-20_14-25-26) by extensions ['colcon_pkg']
[0.835s] Level 1:colcon.colcon_core.package_identification:_identify(recordings/bags_2026-04-20_14-25-26) by extension 'colcon_pkg'
[0.835s] Level 1:colcon.colcon_core.package_identification:_identify(recordings/bags_2026-04-20_14-25-26) by extensions ['colcon_meta']
[0.835s] Level 1:colcon.colcon_core.package_identification:_identify(recordings/bags_2026-04-20_14-25-26) by extension 'colcon_meta'
[0.835s] Level 1:colcon.colcon_core.package_identification:_identify(recordings/bags_2026-04-20_14-25-26) by extensions ['ros']
[0.835s] Level 1:colcon.colcon_core.package_identification:_identify(recordings/bags_2026-04-20_14-25-26) by extension 'ros'
[0.835s] Level 1:colcon.colcon_core.package_identification:_identify(recordings/bags_2026-04-20_14-25-26) by extensions ['cmake', 'python']
[0.835s] Level 1:colcon.colcon_core.package_identification:_identify(recordings/bags_2026-04-20_14-25-26) by extension 'cmake'
[0.835s] Level 1:colcon.colcon_core.package_identification:_identify(recordings/bags_2026-04-20_14-25-26) by extension 'python'
[0.835s] Level 1:colcon.colcon_core.package_identification:_identify(recordings/bags_2026-04-20_14-25-26) by extensions ['python_setup_py']
[0.835s] Level 1:colcon.colcon_core.package_identification:_identify(recordings/bags_2026-04-20_14-25-26) by extension 'python_setup_py'
[0.835s] Level 1:colcon.colcon_core.package_identification:_identify(src) by extensions ['ignore', 'ignore_ament_install']
[0.836s] Level 1:colcon.colcon_core.package_identification:_identify(src) by extension 'ignore'
[0.836s] Level 1:colcon.colcon_core.package_identification:_identify(src) by extension 'ignore_ament_install'
[0.836s] Level 1:colcon.colcon_core.package_identification:_identify(src) by extensions ['colcon_pkg']
[0.836s] Level 1:colcon.colcon_core.package_identification:_identify(src) by extension 'colcon_pkg'
[0.836s] Level 1:colcon.colcon_core.package_identification:_identify(src) by extensions ['colcon_meta']
[0.836s] Level 1:colcon.colcon_core.package_identification:_identify(src) by extension 'colcon_meta'
[0.836s] Level 1:colcon.colcon_core.package_identification:_identify(src) by extensions ['ros']
[0.836s] Level 1:colcon.colcon_core.package_identification:_identify(src) by extension 'ros'
[0.836s] Level 1:colcon.colcon_core.package_identification:_identify(src) by extensions ['cmake', 'python']
[0.836s] Level 1:colcon.colcon_core.package_identification:_identify(src) by extension 'cmake'
[0.836s] Level 1:colcon.colcon_core.package_identification:_identify(src) by extension 'python'
[0.836s] Level 1:colcon.colcon_core.package_identification:_identify(src) by extensions ['python_setup_py']
[0.836s] Level 1:colcon.colcon_core.package_identification:_identify(src) by extension 'python_setup_py'
[0.836s] Level 1:colcon.colcon_core.package_identification:_identify(src/ur5e_experiment_automation) by extensions ['ignore', 'ignore_ament_install']
[0.836s] Level 1:colcon.colcon_core.package_identification:_identify(src/ur5e_experiment_automation) by extension 'ignore'
[0.836s] Level 1:colcon.colcon_core.package_identification:_identify(src/ur5e_experiment_automation) by extension 'ignore_ament_install'
[0.836s] Level 1:colcon.colcon_core.package_identification:_identify(src/ur5e_experiment_automation) by extensions ['colcon_pkg']
[0.837s] Level 1:colcon.colcon_core.package_identification:_identify(src/ur5e_experiment_automation) by extension 'colcon_pkg'
[0.837s] Level 1:colcon.colcon_core.package_identification:_identify(src/ur5e_experiment_automation) by extensions ['colcon_meta']
[0.837s] Level 1:colcon.colcon_core.package_identification:_identify(src/ur5e_experiment_automation) by extension 'colcon_meta'
[0.837s] Level 1:colcon.colcon_core.package_identification:_identify(src/ur5e_experiment_automation) by extensions ['ros']
[0.837s] Level 1:colcon.colcon_core.package_identification:_identify(src/ur5e_experiment_automation) by extension 'ros'
[0.843s] DEBUG:colcon.colcon_core.package_identification:Package 'src/ur5e_experiment_automation' with type 'ros.ament_python' and name 'ur5e_experiment_automation'
[0.844s] Level 1:colcon.colcon_core.package_identification:_identify(src/ur_simulation_gazebo) by extensions ['ignore', 'ignore_ament_install']
[0.844s] Level 1:colcon.colcon_core.package_identification:_identify(src/ur_simulation_gazebo) by extension 'ignore'
[0.844s] Level 1:colcon.colcon_core.package_identification:_identify(src/ur_simulation_gazebo) by extension 'ignore_ament_install'
[0.844s] Level 1:colcon.colcon_core.package_identification:_identify(src/ur_simulation_gazebo) by extensions ['colcon_pkg']
[0.844s] Level 1:colcon.colcon_core.package_identification:_identify(src/ur_simulation_gazebo) by extension 'colcon_pkg'
[0.844s] Level 1:colcon.colcon_core.package_identification:_identify(src/ur_simulation_gazebo) by extensions ['colcon_meta']
[0.844s] Level 1:colcon.colcon_core.package_identification:_identify(src/ur_simulation_gazebo) by extension 'colcon_meta'
[0.844s] Level 1:colcon.colcon_core.package_identification:_identify(src/ur_simulation_gazebo) by extensions ['ros']
[0.845s] Level 1:colcon.colcon_core.package_identification:_identify(src/ur_simulation_gazebo) by extension 'ros'
[0.845s] Level 1:colcon.colcon_core.package_identification:_identify(src/ur_simulation_gazebo) by extensions ['cmake', 'python']
[0.845s] Level 1:colcon.colcon_core.package_identification:_identify(src/ur_simulation_gazebo) by extension 'cmake'
[0.845s] Level 1:colcon.colcon_core.package_identification:_identify(src/ur_simulation_gazebo) by extension 'python'
[0.845s] Level 1:colcon.colcon_core.package_identification:_identify(src/ur_simulation_gazebo) by extensions ['python_setup_py']
[0.845s] Level 1:colcon.colcon_core.package_identification:_identify(src/ur_simulation_gazebo) by extension 'python_setup_py'
[0.845s] Level 1:colcon.colcon_core.package_identification:_identify(src/ur_simulation_gazebo/ur_simulation_gazebo) by extensions ['ignore', 'ignore_ament_install']
[0.845s] Level 1:colcon.colcon_core.package_identification:_identify(src/ur_simulation_gazebo/ur_simulation_gazebo) by extension 'ignore'
[0.845s] Level 1:colcon.colcon_core.package_identification:_identify(src/ur_simulation_gazebo/ur_simulation_gazebo) by extension 'ignore_ament_install'
[0.845s] Level 1:colcon.colcon_core.package_identification:_identify(src/ur_simulation_gazebo/ur_simulation_gazebo) by extensions ['colcon_pkg']
[0.845s] Level 1:colcon.colcon_core.package_identification:_identify(src/ur_simulation_gazebo/ur_simulation_gazebo) by extension 'colcon_pkg'
[0.845s] Level 1:colcon.colcon_core.package_identification:_identify(src/ur_simulation_gazebo/ur_simulation_gazebo) by extensions ['colcon_meta']
[0.846s] Level 1:colcon.colcon_core.package_identification:_identify(src/ur_simulation_gazebo/ur_simulation_gazebo) by extension 'colcon_meta'
[0.846s] Level 1:colcon.colcon_core.package_identification:_identify(src/ur_simulation_gazebo/ur_simulation_gazebo) by extensions ['ros']
[0.846s] Level 1:colcon.colcon_core.package_identification:_identify(src/ur_simulation_gazebo/ur_simulation_gazebo) by extension 'ros'
[0.847s] DEBUG:colcon.colcon_core.package_identification:Package 'src/ur_simulation_gazebo/ur_simulation_gazebo' with type 'ros.ament_cmake' and name 'ur_simulation_gazebo'
[0.847s] Level 1:colcon.colcon_core.package_discovery:discover_packages(recursive) using defaults
[0.847s] Level 1:colcon.colcon_core.package_discovery:discover_packages(ignore) discover
[0.847s] Level 1:colcon.colcon_core.package_discovery:discover_packages(ignore) using defaults
[0.847s] Level 1:colcon.colcon_core.package_discovery:discover_packages(path) discover
[0.847s] Level 1:colcon.colcon_core.package_discovery:discover_packages(path) using defaults
[0.892s] INFO:colcon.colcon_core.package_selection:Skipping not selected package 'ur_simulation_gazebo' in 'src/ur_simulation_gazebo/ur_simulation_gazebo'
[0.892s] Level 5:colcon.colcon_core.verb:set package 'ur5e_experiment_automation' build argument 'cmake_args' from command line to 'None'
[0.893s] Level 5:colcon.colcon_core.verb:set package 'ur5e_experiment_automation' build argument 'cmake_target' from command line to 'None'
[0.893s] Level 5:colcon.colcon_core.verb:set package 'ur5e_experiment_automation' build argument 'cmake_target_skip_unavailable' from command line to 'False'
[0.893s] Level 5:colcon.colcon_core.verb:set package 'ur5e_experiment_automation' build argument 'cmake_clean_cache' from command line to 'False'
[0.893s] Level 5:colcon.colcon_core.verb:set package 'ur5e_experiment_automation' build argument 'cmake_clean_first' from command line to 'False'
[0.893s] Level 5:colcon.colcon_core.verb:set package 'ur5e_experiment_automation' build argument 'cmake_force_configure' from command line to 'False'
[0.893s] Level 5:colcon.colcon_core.verb:set package 'ur5e_experiment_automation' build argument 'ament_cmake_args' from command line to 'None'
[0.893s] Level 5:colcon.colcon_core.verb:set package 'ur5e_experiment_automation' build argument 'catkin_cmake_args' from command line to 'None'
[0.893s] Level 5:colcon.colcon_core.verb:set package 'ur5e_experiment_automation' build argument 'catkin_skip_building_tests' from command line to 'False'
[0.893s] DEBUG:colcon.colcon_core.verb:Building package 'ur5e_experiment_automation' with the following arguments: {'ament_cmake_args': None, 'build_base': '/ros2_ws/build/ur5e_experiment_automation', 'catkin_cmake_args': None, 'catkin_skip_building_tests': False, 'cmake_args': None, 'cmake_clean_cache': False, 'cmake_clean_first': False, 'cmake_force_configure': False, 'cmake_target': None, 'cmake_target_skip_unavailable': False, 'install_base': '/ros2_ws/install/ur5e_experiment_automation', 'merge_install': False, 'path': '/ros2_ws/src/ur5e_experiment_automation', 'symlink_install': True, 'test_result_base': None}
[0.893s] INFO:colcon.colcon_core.executor:Executing jobs using 'parallel' executor
[0.895s] DEBUG:colcon.colcon_parallel_executor.executor.parallel:run_until_complete
[0.896s] INFO:colcon.colcon_ros.task.ament_python.build:Building ROS package in '/ros2_ws/src/ur5e_experiment_automation' with build type 'ament_python'
[0.896s] Level 1:colcon.colcon_core.shell:create_environment_hook('ur5e_experiment_automation', 'ament_prefix_path')
[0.906s] INFO:colcon.colcon_core.plugin_system:Skipping extension 'colcon_core.shell.bat': Not used on non-Windows systems
[0.906s] INFO:colcon.colcon_core.shell:Creating environment hook '/ros2_ws/install/ur5e_experiment_automation/share/ur5e_experiment_automation/hook/ament_prefix_path.ps1'
[0.909s] INFO:colcon.colcon_core.shell:Creating environment descriptor '/ros2_ws/install/ur5e_experiment_automation/share/ur5e_experiment_automation/hook/ament_prefix_path.dsv'
[0.911s] INFO:colcon.colcon_core.shell:Creating environment hook '/ros2_ws/install/ur5e_experiment_automation/share/ur5e_experiment_automation/hook/ament_prefix_path.sh'
[0.914s] INFO:colcon.colcon_core.shell:Skip shell extension 'powershell' for command environment: Not usable outside of PowerShell
[0.915s] DEBUG:colcon.colcon_core.shell:Skip shell extension 'dsv' for command environment
[1.534s] INFO:colcon.colcon_core.task.python.build:Building Python package in '/ros2_ws/src/ur5e_experiment_automation'
[1.535s] INFO:colcon.colcon_core.shell:Skip shell extension 'powershell' for command environment: Not usable outside of PowerShell
[1.535s] DEBUG:colcon.colcon_core.shell:Skip shell extension 'dsv' for command environment
[2.495s] DEBUG:colcon.colcon_core.event_handler.log_command:Invoking command in '/ros2_ws/build/ur5e_experiment_automation': PYTHONPATH=/ros2_ws/build/ur5e_experiment_automation/prefix_override:/usr/lib/python3/dist-packages/colcon_core/task/python/colcon_distutils_commands:/ros2_ws/install/ur5e_experiment_automation/lib/python3.10/site-packages:${PYTHONPATH} /usr/bin/python3 -W ignore:setup.py install is deprecated -W ignore:easy_install command is deprecated setup.py develop --editable --build-directory /ros2_ws/build/ur5e_experiment_automation/build --no-deps symlink_data
[3.493s] Level 1:colcon.colcon_core.shell:create_environment_hook('ur5e_experiment_automation', 'pythonpath_develop')
[3.493s] INFO:colcon.colcon_core.shell:Creating environment hook '/ros2_ws/build/ur5e_experiment_automation/share/ur5e_experiment_automation/hook/pythonpath_develop.ps1'
[3.494s] DEBUG:colcon.colcon_core.event_handler.log_command:Invoked command in '/ros2_ws/build/ur5e_experiment_automation' returned '0': PYTHONPATH=/ros2_ws/build/ur5e_experiment_automation/prefix_override:/usr/lib/python3/dist-packages/colcon_core/task/python/colcon_distutils_commands:/ros2_ws/install/ur5e_experiment_automation/lib/python3.10/site-packages:${PYTHONPATH} /usr/bin/python3 -W ignore:setup.py install is deprecated -W ignore:easy_install command is deprecated setup.py develop --editable --build-directory /ros2_ws/build/ur5e_experiment_automation/build --no-deps symlink_data
[3.495s] INFO:colcon.colcon_core.shell:Creating environment descriptor '/ros2_ws/build/ur5e_experiment_automation/share/ur5e_experiment_automation/hook/pythonpath_develop.dsv'
[3.497s] INFO:colcon.colcon_core.shell:Creating environment hook '/ros2_ws/build/ur5e_experiment_automation/share/ur5e_experiment_automation/hook/pythonpath_develop.sh'
[3.505s] Level 1:colcon.colcon_core.environment:checking '/ros2_ws/install/ur5e_experiment_automation' for CMake module files
[3.534s] Level 1:colcon.colcon_core.environment:checking '/ros2_ws/install/ur5e_experiment_automation' for CMake config files
[3.536s] Level 1:colcon.colcon_core.environment:checking '/ros2_ws/install/ur5e_experiment_automation/lib'
[3.536s] Level 1:colcon.colcon_core.environment:checking '/ros2_ws/install/ur5e_experiment_automation/bin'
[3.536s] Level 1:colcon.colcon_core.environment:checking '/ros2_ws/install/ur5e_experiment_automation/lib/pkgconfig/ur5e_experiment_automation.pc'
[3.537s] Level 1:colcon.colcon_core.environment:checking '/ros2_ws/install/ur5e_experiment_automation/lib/python3.10/site-packages'
[3.537s] Level 1:colcon.colcon_core.shell:create_environment_hook('ur5e_experiment_automation', 'pythonpath')
[3.537s] INFO:colcon.colcon_core.shell:Creating environment hook '/ros2_ws/install/ur5e_experiment_automation/share/ur5e_experiment_automation/hook/pythonpath.ps1'
[3.539s] INFO:colcon.colcon_core.shell:Creating environment descriptor '/ros2_ws/install/ur5e_experiment_automation/share/ur5e_experiment_automation/hook/pythonpath.dsv'
[3.540s] INFO:colcon.colcon_core.shell:Creating environment hook '/ros2_ws/install/ur5e_experiment_automation/share/ur5e_experiment_automation/hook/pythonpath.sh'
[3.541s] Level 1:colcon.colcon_core.environment:checking '/ros2_ws/install/ur5e_experiment_automation/bin'
[3.541s] Level 1:colcon.colcon_core.environment:create_environment_scripts_only(ur5e_experiment_automation)
[3.542s] INFO:colcon.colcon_core.shell:Creating package script '/ros2_ws/install/ur5e_experiment_automation/share/ur5e_experiment_automation/package.ps1'
[3.544s] INFO:colcon.colcon_core.shell:Creating package descriptor '/ros2_ws/install/ur5e_experiment_automation/share/ur5e_experiment_automation/package.dsv'
[3.546s] INFO:colcon.colcon_core.shell:Creating package script '/ros2_ws/install/ur5e_experiment_automation/share/ur5e_experiment_automation/package.sh'
[3.550s] INFO:colcon.colcon_core.shell:Creating package script '/ros2_ws/install/ur5e_experiment_automation/share/ur5e_experiment_automation/package.bash'
[3.553s] INFO:colcon.colcon_core.shell:Creating package script '/ros2_ws/install/ur5e_experiment_automation/share/ur5e_experiment_automation/package.zsh'
[3.554s] Level 1:colcon.colcon_core.environment:create_file_with_runtime_dependencies(/ros2_ws/install/ur5e_experiment_automation/share/colcon-core/packages/ur5e_experiment_automation)
[3.556s] DEBUG:colcon.colcon_parallel_executor.executor.parallel:closing loop
[3.557s] DEBUG:colcon.colcon_parallel_executor.executor.parallel:loop closed
[3.557s] DEBUG:colcon.colcon_parallel_executor.executor.parallel:run_until_complete finished with '0'
[3.557s] DEBUG:colcon.colcon_core.event_reactor:joining thread
[3.590s] INFO:colcon.colcon_core.plugin_system:Skipping extension 'colcon_notification.desktop_notification.notify_send': Could not find 'notify-send'
[3.590s] INFO:colcon.colcon_core.plugin_system:Skipping extension 'colcon_notification.desktop_notification.terminal_notifier': Not used on non-Darwin systems
[3.591s] INFO:colcon.colcon_core.plugin_system:Skipping extension 'colcon_notification.desktop_notification.win32': Not used on non-Windows systems
[3.591s] INFO:colcon.colcon_notification.desktop_notification:Sending desktop notification using 'notify2'
[3.608s] DEBUG:colcon.colcon_notification.desktop_notification.notify2:Failed to initialize notify2: org.freedesktop.DBus.Error.Spawn.ExecFailed: /usr/bin/dbus-launch terminated abnormally without any error message
[3.610s] DEBUG:colcon.colcon_core.event_reactor:joined thread
[3.612s] INFO:colcon.colcon_core.shell:Creating prefix script '/ros2_ws/install/local_setup.ps1'
[3.616s] INFO:colcon.colcon_core.shell:Creating prefix util module '/ros2_ws/install/_local_setup_util_ps1.py'
[3.620s] INFO:colcon.colcon_core.shell:Creating prefix chain script '/ros2_ws/install/setup.ps1'
[3.622s] INFO:colcon.colcon_core.shell:Creating prefix script '/ros2_ws/install/local_setup.sh'
[3.623s] INFO:colcon.colcon_core.shell:Creating prefix util module '/ros2_ws/install/_local_setup_util_sh.py'
[3.624s] INFO:colcon.colcon_core.shell:Creating prefix chain script '/ros2_ws/install/setup.sh'
[3.626s] INFO:colcon.colcon_core.shell:Creating prefix script '/ros2_ws/install/local_setup.bash'
[3.627s] INFO:colcon.colcon_core.shell:Creating prefix chain script '/ros2_ws/install/setup.bash'
[3.629s] INFO:colcon.colcon_core.shell:Creating prefix script '/ros2_ws/install/local_setup.zsh'
[3.630s] INFO:colcon.colcon_core.shell:Creating prefix chain script '/ros2_ws/install/setup.zsh'
